<?xml version="1.0" encoding="UTF-8"?>
<!-- Generated by org.testng.reporters.JUnitReportReporter -->
<testsuite hostname="WL110708" name="org.jgroups.protocols.ENCRYPTKeystoreTest" tests="1" failures="0" timestamp="4 Nov 2014 11:00:17 GMT" time="0.218" errors="0">
  <testcase name="testEncryptEntireMessage" time="0.218" classname="org.jgroups.protocols.ENCRYPTKeystoreTest"/>
</testsuite> <!-- org.jgroups.protocols.ENCRYPTKeystoreTest -->
