<?xml version="1.0" encoding="UTF-8"?>
<!-- Generated by org.testng.reporters.JUnitReportReporter -->
<testsuite hostname="WL110708" name="org.jgroups.protocols.ENCRYPT14KeystoreTest" tests="8" failures="0" timestamp="17 Oct 2014 07:03:04 GMT" time="0.531" errors="0">
  <testcase name="testInitWrongKeystoreProperties" time="0.016" classname="org.jgroups.protocols.ENCRYPT14KeystoreTest"/>
  <testcase name="testMessageUpWrongKey" time="0.046" classname="org.jgroups.protocols.ENCRYPT14KeystoreTest"/>
  <testcase name="testInitKeystoreProperties" time="0.000" classname="org.jgroups.protocols.ENCRYPT14KeystoreTest"/>
  <testcase name="testMessageUpDecode" time="0.000" classname="org.jgroups.protocols.ENCRYPT14KeystoreTest"/>
  <testcase name="testMessageUpNoEncryptHeader" time="0.078" classname="org.jgroups.protocols.ENCRYPT14KeystoreTest"/>
  <testcase name="testEventUpNoMessage" time="0.390" classname="org.jgroups.protocols.ENCRYPT14KeystoreTest"/>
  <testcase name="testMessageDownEncode" time="0.000" classname="org.jgroups.protocols.ENCRYPT14KeystoreTest"/>
  <testcase name="testMessageUpNoBuffer" time="0.001" classname="org.jgroups.protocols.ENCRYPT14KeystoreTest"/>
</testsuite> <!-- org.jgroups.protocols.ENCRYPT14KeystoreTest -->
