<?xml version="1.0" encoding="UTF-8"?>
<!-- Generated by org.testng.reporters.JUnitReportReporter -->
<testsuite hostname="WL110708" name="org.jgroups.protocols.ENCRYPTAsymmetricTest" tests="9" failures="0" timestamp="17 Oct 2014 07:02:51 GMT" time="0.750" errors="0">
  <testcase name="testSymmetricKeyIsChangedOnViewChange" time="0.032" classname="org.jgroups.protocols.ENCRYPTAsymmetricTest"/>
  <testcase name="testInitIDEAProperties" time="0.000" classname="org.jgroups.protocols.ENCRYPTAsymmetricTest"/>
  <testcase name="testInitNoProperties" time="0.047" classname="org.jgroups.protocols.ENCRYPTAsymmetricTest"/>
  <testcase name="testViewChangeBecomeKeyserver" time="0.031" classname="org.jgroups.protocols.ENCRYPTAsymmetricTest"/>
  <testcase name="testInitAESProperties" time="0.359" classname="org.jgroups.protocols.ENCRYPTAsymmetricTest"/>
  <testcase name="testInitBCAsymProperties" time="0.031" classname="org.jgroups.protocols.ENCRYPTAsymmetricTest"/>
  <testcase name="testViewChangeNewKeyServer" time="0.031" classname="org.jgroups.protocols.ENCRYPTAsymmetricTest"/>
  <testcase name="testKeyChangesDuringKeyServerChange" time="0.094" classname="org.jgroups.protocols.ENCRYPTAsymmetricTest"/>
  <testcase name="testViewChangeNewKeyServerNewKey" time="0.125" classname="org.jgroups.protocols.ENCRYPTAsymmetricTest"/>
</testsuite> <!-- org.jgroups.protocols.ENCRYPTAsymmetricTest -->
