<?xml version="1.0" encoding="UTF-8"?>
<!-- Generated by org.testng.reporters.JUnitReportReporter -->
<testsuite hostname="WL110708" name="org.jgroups.protocols.ENCRYPTAsymmetricTest" tests="10" failures="0" timestamp="4 Nov 2014 09:51:23 GMT" time="0.673" errors="0">
  <testcase name="testViewChangeNewKeyServer" time="0.080" classname="org.jgroups.protocols.ENCRYPTAsymmetricTest"/>
  <testcase name="testInitNoProperties" time="0.034" classname="org.jgroups.protocols.ENCRYPTAsymmetricTest"/>
  <testcase name="testInitBCAsymProperties" time="0.027" classname="org.jgroups.protocols.ENCRYPTAsymmetricTest"/>
  <testcase name="testInitAESProperties" time="0.186" classname="org.jgroups.protocols.ENCRYPTAsymmetricTest"/>
  <testcase name="testSymmetricKeyIsChangedOnViewChange" time="0.024" classname="org.jgroups.protocols.ENCRYPTAsymmetricTest"/>
  <testcase name="testViewChangeBecomeKeyserver" time="0.023" classname="org.jgroups.protocols.ENCRYPTAsymmetricTest"/>
  <testcase name="testKeyChangesDuringKeyServerChange" time="0.161" classname="org.jgroups.protocols.ENCRYPTAsymmetricTest"/>
  <testcase name="testMessagesNotPassedUpDuringQueuingUp" time="0.032" classname="org.jgroups.protocols.ENCRYPTAsymmetricTest"/>
  <testcase name="testInitIDEAProperties" time="0.008" classname="org.jgroups.protocols.ENCRYPTAsymmetricTest"/>
  <testcase name="testViewChangeNewKeyServerNewKey" time="0.098" classname="org.jgroups.protocols.ENCRYPTAsymmetricTest"/>
</testsuite> <!-- org.jgroups.protocols.ENCRYPTAsymmetricTest -->
